<?xml version="1.0" encoding="UTF-8"?>
<!-- Generated by org.testng.reporters.JUnitReportReporter -->
<testsuite skipped="0" hostname="DESKTOP-RQ9CL1L" name="com.ebay.testCases.LoginAndSearchProductTest" tests="1" failures="0" timestamp="2020-04-13T02:40:06 IST" time="53.263" errors="0">
  <testcase name="launchApp" time="53.263" classname="com.ebay.testCases.LoginAndSearchProductTest"/>
  <system-out/>
</testsuite> <!-- com.ebay.testCases.LoginAndSearchProductTest -->
