<?xml version="1.0" encoding="UTF-8"?>
<!-- Generated by org.testng.reporters.JUnitReportReporter -->
<testsuite skipped="0" hostname="DESKTOP-RQ9CL1L" name="com.ebay.testCases.LoginToAmazon" tests="1" failures="0" timestamp="2020-04-09T18:27:44 IST" time="61.433" errors="0">
  <testcase name="launchApp" time="61.433" classname="com.ebay.testCases.LoginToAmazon"/>
  <system-out/>
</testsuite> <!-- com.ebay.testCases.LoginToAmazon -->
