<?xml version="1.0" encoding="UTF-8"?>
<!-- Generated by org.testng.reporters.JUnitReportReporter -->
<testsuite skipped="0" hostname="DESKTOP-RQ9CL1L" name="com.ebay.testCases.TestCases" tests="1" failures="0" timestamp="2020-04-09T03:41:41 IST" time="35.548" errors="0">
  <testcase name="launchApp" time="35.548" classname="com.ebay.testCases.TestCases"/>
  <system-out/>
</testsuite> <!-- com.ebay.testCases.TestCases -->
