<?xml version="1.0" encoding="UTF-8"?>
<!-- Generated by org.testng.reporters.JUnitReportReporter -->
<testsuite skipped="0" hostname="DESKTOP-RQ9CL1L" name="com.ebay.testCases.LoginAndSearchProductTest" tests="1" failures="0" timestamp="2020-04-29T04:38:31 IST" time="65.326" errors="0">
  <testcase name="LoginAndSearchTest" time="65.326" classname="com.ebay.testCases.LoginAndSearchProductTest"/>
  <system-out/>
</testsuite> <!-- com.ebay.testCases.LoginAndSearchProductTest -->
